<?xml version="1.0" encoding="UTF-8"?>
<testng-results ignored="0" total="1" passed="1" failed="0" skipped="0">
  <reporter-output>
  </reporter-output>
  <suite started-at="2026-01-25T19:14:09 IST" name="Default suite" finished-at="2026-01-25T19:14:28 IST" duration-ms="18936">
    <groups>
      <group name="cucumber">
        <method signature="AbstractTestNGCucumberTests.runScenario(io.cucumber.testng.PickleWrapper,io.cucumber.testng.FeatureWrapper)[pri:0, instance:com.salesforce.testcases.TC_01@28dcca0c]" name="runScenario" class="io.cucumber.testng.AbstractTestNGCucumberTests"/>
      </group> <!-- cucumber -->
    </groups>
    <test started-at="2026-01-25T19:14:09 IST" name="Default test" finished-at="2026-01-25T19:14:28 IST" duration-ms="18936">
      <class name="com.salesforce.testcases.TC_01">
        <test-method is-config="true" signature="startReport()[pri:0, instance:com.salesforce.testcases.TC_01@28dcca0c]" started-at="2026-01-25T19:14:08 IST" name="startReport" finished-at="2026-01-25T19:14:09 IST" duration-ms="602" status="PASS">
          <reporter-output>
          </reporter-output>
        </test-method> <!-- startReport -->
        <test-method is-config="true" signature="setValues()[pri:0, instance:com.salesforce.testcases.TC_01@28dcca0c]" started-at="2026-01-25T19:14:09 IST" name="setValues" finished-at="2026-01-25T19:14:09 IST" duration-ms="0" status="PASS">
          <reporter-output>
          </reporter-output>
        </test-method> <!-- setValues -->
        <test-method is-config="true" signature="setUpClass(org.testng.ITestContext)[pri:0, instance:com.salesforce.testcases.TC_01@28dcca0c]" started-at="2026-01-25T19:14:09 IST" name="setUpClass" finished-at="2026-01-25T19:14:10 IST" duration-ms="571" status="PASS">
          <params>
            <param index="0">
              <value>
                <![CDATA[org.testng.TestRunner@77cb452c]]>
              </value>
            </param>
          </params>
          <reporter-output>
          </reporter-output>
        </test-method> <!-- setUpClass -->
        <test-method is-config="true" signature="startTestCase()[pri:0, instance:com.salesforce.testcases.TC_01@28dcca0c]" started-at="2026-01-25T19:14:10 IST" name="startTestCase" finished-at="2026-01-25T19:14:10 IST" duration-ms="16" status="PASS">
          <reporter-output>
          </reporter-output>
        </test-method> <!-- startTestCase -->
        <test-method is-config="true" signature="preCondition()[pri:0, instance:com.salesforce.testcases.TC_01@28dcca0c]" started-at="2026-01-25T19:14:11 IST" name="preCondition" finished-at="2026-01-25T19:14:22 IST" duration-ms="10420" status="PASS">
          <reporter-output>
          </reporter-output>
        </test-method> <!-- preCondition -->
        <test-method signature="runLogin(java.lang.String,java.lang.String)[pri:0, instance:com.salesforce.testcases.TC_01@28dcca0c]" started-at="2026-01-25T19:14:22 IST" name="runLogin" data-provider="fetchData" finished-at="2026-01-25T19:14:26 IST" duration-ms="4833" status="PASS">
          <params>
            <param index="0">
              <value>
                <![CDATA[Ravindran.ramadas@testleaf.com]]>
              </value>
            </param>
            <param index="1">
              <value>
                <![CDATA[RaviSalesforce#123]]>
              </value>
            </param>
          </params>
          <reporter-output>
          </reporter-output>
        </test-method> <!-- runLogin -->
        <test-method is-config="true" signature="postCondition()[pri:0, instance:com.salesforce.testcases.TC_01@28dcca0c]" started-at="2026-01-25T19:14:26 IST" name="postCondition" finished-at="2026-01-25T19:14:28 IST" duration-ms="1383" status="PASS">
          <reporter-output>
          </reporter-output>
        </test-method> <!-- postCondition -->
        <test-method is-config="true" signature="tearDownClass()[pri:0, instance:com.salesforce.testcases.TC_01@28dcca0c]" started-at="2026-01-25T19:14:28 IST" name="tearDownClass" finished-at="2026-01-25T19:14:28 IST" duration-ms="63" status="PASS">
          <reporter-output>
          </reporter-output>
        </test-method> <!-- tearDownClass -->
        <test-method is-config="true" signature="endResult()[pri:0, instance:com.salesforce.testcases.TC_01@28dcca0c]" started-at="2026-01-25T19:14:28 IST" name="endResult" finished-at="2026-01-25T19:14:29 IST" duration-ms="1325" status="PASS">
          <reporter-output>
          </reporter-output>
        </test-method> <!-- endResult -->
      </class> <!-- com.salesforce.testcases.TC_01 -->
    </test> <!-- Default test -->
  </suite> <!-- Default suite -->
</testng-results>
